TN:
SF:lib/src/data/local_datasource/impl/task_local_datasource.dart
FNF:0
FNH:0
DA:10,3
DA:12,1
DA:14,3
DA:17,1
DA:19,3
DA:22,1
DA:24,2
DA:25,1
DA:29,1
DA:31,4
DA:32,1
DA:33,1
DA:37,1
DA:39,3
DA:40,2
LF:15
LH:15
end_of_record
TN:
SF:lib/src/data/repositories/task_repository_impl.dart
FNF:0
FNH:0
DA:10,1
DA:12,1
DA:13,2
DA:15,1
DA:16,2
DA:18,1
DA:19,2
DA:21,1
DA:23,2
DA:25,1
DA:26,2
LF:11
LH:11
end_of_record
TN:
SF:lib/src/domain/entities/task.dart
FNF:0
FNH:0
DA:20,10
DA:21,10
DA:22,10
DA:24,20
DA:25,10
DA:26,20
DA:27,20
LF:7
LH:7
end_of_record
TN:
SF:lib/src/domain/usecases/delete_task.dart
FNF:0
FNH:0
DA:10,1
DA:12,1
DA:13,2
LF:3
LH:3
end_of_record
TN:
SF:lib/src/domain/usecases/get_task.dart
FNF:0
FNH:0
DA:10,1
DA:12,1
DA:13,2
LF:3
LH:3
end_of_record
TN:
SF:lib/src/domain/usecases/get_tasks.dart
FNF:0
FNH:0
DA:10,1
DA:12,1
DA:13,2
LF:3
LH:3
end_of_record
TN:
SF:lib/src/domain/usecases/save_task.dart
FNF:0
FNH:0
DA:9,1
DA:11,1
DA:13,4
DA:20,2
DA:22,1
DA:24,1
DA:25,3
DA:26,3
DA:28,0
DA:29,0
LF:10
LH:8
end_of_record
TN:
SF:lib/src/domain/usecases/update_task.dart
FNF:0
FNH:0
DA:10,1
DA:12,1
DA:13,2
LF:3
LH:3
end_of_record
TN:
SF:lib/src/domain/usecases/usecase.dart
FNF:0
FNH:0
DA:6,10
LF:1
LH:1
end_of_record
TN:
SF:lib/src/presentation/notifiers/add_task_notifier.dart
FNF:0
FNH:0
DA:7,0
DA:8,0
DA:13,1
DA:19,1
DA:20,3
LF:5
LH:3
end_of_record
TN:
SF:lib/src/presentation/notifiers/task_details_notifier.dart
FNF:0
FNH:0
DA:10,0
DA:11,0
DA:15,1
DA:27,1
DA:29,2
DA:30,2
DA:31,1
DA:32,3
DA:35,1
DA:38,1
DA:39,2
DA:42,3
LF:12
LH:10
end_of_record
TN:
SF:lib/src/presentation/notifiers/tasks_notifier.dart
FNF:0
FNH:0
DA:8,0
DA:9,0
DA:14,1
DA:18,1
DA:19,3
DA:20,6
DA:21,1
LF:7
LH:5
end_of_record
TN:
SF:lib/src/utils/exceptions/db_exception.dart
FNF:0
FNH:0
DA:3,2
DA:7,2
LF:2
LH:2
end_of_record
TN:
SF:lib/src/utils/helpers/register_hive_adapters.dart
FNF:0
FNH:0
DA:4,1
DA:5,3
LF:2
LH:2
end_of_record
