SF:lib/src/domain/entities/task.g.dart
DA:13,0
DA:15,0
DA:16,0
DA:17,0
DA:19,0
DA:20,0
DA:21,0
DA:22,0
DA:23,0
DA:27,1
DA:30,1
DA:31,1
DA:32,2
DA:33,1
DA:34,2
DA:35,1
DA:36,2
DA:37,1
DA:38,2
DA:41,0
DA:42,0
DA:44,0
DA:47,0
DA:48,0
DA:49,0
LF:25
LH:10
end_of_record
SF:lib/src/domain/entities/task.dart
DA:20,10
DA:21,10
DA:22,10
DA:24,20
DA:25,10
DA:26,20
DA:27,20
LF:7
LH:7
end_of_record
SF:lib/src/domain/usecases/get_tasks.dart
DA:10,1
DA:12,1
DA:13,2
LF:3
LH:3
end_of_record
SF:lib/src/domain/usecases/usecase.dart
DA:6,12
LF:1
LH:1
end_of_record
SF:lib/src/presentation/notifiers/tasks_notifier.dart
DA:8,0
DA:9,0
DA:14,1
DA:18,1
DA:19,3
DA:20,6
DA:21,1
LF:7
LH:5
end_of_record
SF:lib/src/data/local_datasource/impl/task_local_datasource.dart
DA:10,3
DA:12,1
DA:14,3
DA:17,1
DA:19,3
DA:22,1
DA:24,2
DA:25,1
DA:29,1
DA:31,4
DA:32,1
DA:33,1
DA:37,1
DA:39,3
DA:40,2
LF:15
LH:15
end_of_record
SF:lib/src/utils/exceptions/db_exception.dart
DA:3,2
DA:7,2
LF:2
LH:2
end_of_record
SF:lib/src/data/repositories/task_repository_impl.dart
DA:10,1
DA:12,1
DA:13,2
DA:15,1
DA:16,2
DA:18,1
DA:19,2
DA:21,1
DA:23,2
DA:25,1
DA:26,2
LF:11
LH:11
end_of_record
SF:lib/src/di/locator.config.dart
DA:33,0
DA:37,0
DA:42,0
DA:43,0
DA:44,0
DA:45,0
DA:46,0
DA:47,0
DA:48,0
DA:49,0
DA:50,0
DA:51,0
DA:52,0
DA:53,0
DA:54,0
DA:55,0
DA:56,0
DA:57,0
DA:58,0
DA:59,0
DA:60,0
DA:62,0
DA:63,0
LF:23
LH:0
end_of_record
SF:lib/src/domain/usecases/delete_task.dart
DA:10,1
DA:12,1
DA:13,2
LF:3
LH:3
end_of_record
SF:lib/src/domain/usecases/get_task.dart
DA:10,1
DA:12,1
DA:13,2
LF:3
LH:3
end_of_record
SF:lib/src/domain/usecases/save_task.dart
DA:9,1
DA:11,1
DA:13,4
DA:20,2
DA:22,1
DA:24,1
DA:25,3
DA:26,3
DA:28,0
DA:29,0
LF:10
LH:8
end_of_record
SF:lib/src/domain/usecases/update_task.dart
DA:10,1
DA:12,1
DA:13,2
LF:3
LH:3
end_of_record
SF:lib/src/presentation/notifiers/add_task_notifier.dart
DA:7,0
DA:8,0
DA:13,1
DA:19,1
DA:20,3
LF:5
LH:3
end_of_record
SF:lib/src/presentation/notifiers/task_details_notifier.dart
DA:10,0
DA:11,0
DA:15,1
DA:27,1
DA:29,2
DA:30,2
DA:31,1
DA:32,3
DA:35,1
DA:38,1
DA:39,2
DA:42,3
LF:12
LH:10
end_of_record
SF:lib/src/di/locator.dart
DA:5,0
DA:7,0
DA:9,0
LF:3
LH:0
end_of_record
SF:lib/src/utils/helpers/register_hive_adapters.dart
DA:4,1
DA:5,3
LF:2
LH:2
end_of_record
